<?xml version="1.0" encoding="UTF-8"?>
<testsuite xmlns:xsi="http://www.w3.org/2001/XMLSchema-instance" xsi:noNamespaceSchemaLocation="https://maven.apache.org/surefire/maven-surefire-plugin/xsd/surefire-test-report-3.0.xsd" version="3.0" name="org.example.onlinetestbackendtestpart.OnlineTestBackEndTestPartApplicationTests" time="3.92" tests="1" errors="0" skipped="0" failures="0">
  <properties>
    <property name="java.specification.version" value="17"/>
    <property name="sun.cpu.isalist" value="amd64"/>
    <property name="sun.jnu.encoding" value="GBK"/>
    <property name="java.class.path" value="D:\College\大二小学期\Gitee\BackEnd\OnlineTestBackEndTestPart\target\test-classes;D:\College\大二小学期\Gitee\BackEnd\OnlineTestBackEndTestPart\target\classes;D:\JavadDownload\Maven\repository\org\springframework\boot\spring-boot-starter-web\3.3.1\spring-boot-starter-web-3.3.1.jar;D:\JavadDownload\Maven\repository\org\springframework\boot\spring-boot-starter\3.3.1\spring-boot-starter-3.3.1.jar;D:\JavadDownload\Maven\repository\org\springframework\boot\spring-boot\3.3.1\spring-boot-3.3.1.jar;D:\JavadDownload\Maven\repository\org\springframework\boot\spring-boot-autoconfigure\3.3.1\spring-boot-autoconfigure-3.3.1.jar;D:\JavadDownload\Maven\repository\org\springframework\boot\spring-boot-starter-logging\3.3.1\spring-boot-starter-logging-3.3.1.jar;D:\JavadDownload\Maven\repository\ch\qos\logback\logback-classic\1.5.6\logback-classic-1.5.6.jar;D:\JavadDownload\Maven\repository\ch\qos\logback\logback-core\1.5.6\logback-core-1.5.6.jar;D:\JavadDownload\Maven\repository\org\apache\logging\log4j\log4j-to-slf4j\2.23.1\log4j-to-slf4j-2.23.1.jar;D:\JavadDownload\Maven\repository\org\apache\logging\log4j\log4j-api\2.23.1\log4j-api-2.23.1.jar;D:\JavadDownload\Maven\repository\org\slf4j\jul-to-slf4j\2.0.13\jul-to-slf4j-2.0.13.jar;D:\JavadDownload\Maven\repository\jakarta\annotation\jakarta.annotation-api\2.1.1\jakarta.annotation-api-2.1.1.jar;D:\JavadDownload\Maven\repository\org\yaml\snakeyaml\2.2\snakeyaml-2.2.jar;D:\JavadDownload\Maven\repository\org\springframework\boot\spring-boot-starter-json\3.3.1\spring-boot-starter-json-3.3.1.jar;D:\JavadDownload\Maven\repository\com\fasterxml\jackson\datatype\jackson-datatype-jdk8\2.17.1\jackson-datatype-jdk8-2.17.1.jar;D:\JavadDownload\Maven\repository\com\fasterxml\jackson\datatype\jackson-datatype-jsr310\2.17.1\jackson-datatype-jsr310-2.17.1.jar;D:\JavadDownload\Maven\repository\com\fasterxml\jackson\module\jackson-module-parameter-names\2.17.1\jackson-module-parameter-names-2.17.1.jar;D:\JavadDownload\Maven\repository\org\springframework\boot\spring-boot-starter-tomcat\3.3.1\spring-boot-starter-tomcat-3.3.1.jar;D:\JavadDownload\Maven\repository\org\apache\tomcat\embed\tomcat-embed-core\10.1.25\tomcat-embed-core-10.1.25.jar;D:\JavadDownload\Maven\repository\org\apache\tomcat\embed\tomcat-embed-el\10.1.25\tomcat-embed-el-10.1.25.jar;D:\JavadDownload\Maven\repository\org\apache\tomcat\embed\tomcat-embed-websocket\10.1.25\tomcat-embed-websocket-10.1.25.jar;D:\JavadDownload\Maven\repository\org\springframework\spring-web\6.1.10\spring-web-6.1.10.jar;D:\JavadDownload\Maven\repository\org\springframework\spring-beans\6.1.10\spring-beans-6.1.10.jar;D:\JavadDownload\Maven\repository\io\micrometer\micrometer-observation\1.13.1\micrometer-observation-1.13.1.jar;D:\JavadDownload\Maven\repository\io\micrometer\micrometer-commons\1.13.1\micrometer-commons-1.13.1.jar;D:\JavadDownload\Maven\repository\org\springframework\spring-webmvc\6.1.10\spring-webmvc-6.1.10.jar;D:\JavadDownload\Maven\repository\org\springframework\spring-aop\6.1.10\spring-aop-6.1.10.jar;D:\JavadDownload\Maven\repository\org\springframework\spring-context\6.1.10\spring-context-6.1.10.jar;D:\JavadDownload\Maven\repository\org\springframework\spring-expression\6.1.10\spring-expression-6.1.10.jar;D:\JavadDownload\Maven\repository\org\mybatis\spring\boot\mybatis-spring-boot-starter\3.0.3\mybatis-spring-boot-starter-3.0.3.jar;D:\JavadDownload\Maven\repository\org\springframework\boot\spring-boot-starter-jdbc\3.3.1\spring-boot-starter-jdbc-3.3.1.jar;D:\JavadDownload\Maven\repository\com\zaxxer\HikariCP\5.1.0\HikariCP-5.1.0.jar;D:\JavadDownload\Maven\repository\org\springframework\spring-jdbc\6.1.10\spring-jdbc-6.1.10.jar;D:\JavadDownload\Maven\repository\org\mybatis\spring\boot\mybatis-spring-boot-autoconfigure\3.0.3\mybatis-spring-boot-autoconfigure-3.0.3.jar;D:\JavadDownload\Maven\repository\org\mybatis\mybatis\3.5.14\mybatis-3.5.14.jar;D:\JavadDownload\Maven\repository\org\mybatis\mybatis-spring\3.0.3\mybatis-spring-3.0.3.jar;D:\JavadDownload\Maven\repository\com\mysql\mysql-connector-j\8.3.0\mysql-connector-j-8.3.0.jar;D:\JavadDownload\Maven\repository\org\springframework\boot\spring-boot-starter-test\3.3.1\spring-boot-starter-test-3.3.1.jar;D:\JavadDownload\Maven\repository\org\springframework\boot\spring-boot-test\3.3.1\spring-boot-test-3.3.1.jar;D:\JavadDownload\Maven\repository\org\springframework\boot\spring-boot-test-autoconfigure\3.3.1\spring-boot-test-autoconfigure-3.3.1.jar;D:\JavadDownload\Maven\repository\com\jayway\jsonpath\json-path\2.9.0\json-path-2.9.0.jar;D:\JavadDownload\Maven\repository\org\slf4j\slf4j-api\2.0.13\slf4j-api-2.0.13.jar;D:\JavadDownload\Maven\repository\jakarta\xml\bind\jakarta.xml.bind-api\4.0.2\jakarta.xml.bind-api-4.0.2.jar;D:\JavadDownload\Maven\repository\jakarta\activation\jakarta.activation-api\2.1.3\jakarta.activation-api-2.1.3.jar;D:\JavadDownload\Maven\repository\net\minidev\json-smart\2.5.1\json-smart-2.5.1.jar;D:\JavadDownload\Maven\repository\net\minidev\accessors-smart\2.5.1\accessors-smart-2.5.1.jar;D:\JavadDownload\Maven\repository\org\ow2\asm\asm\9.6\asm-9.6.jar;D:\JavadDownload\Maven\repository\org\assertj\assertj-core\3.25.3\assertj-core-3.25.3.jar;D:\JavadDownload\Maven\repository\net\bytebuddy\byte-buddy\1.14.17\byte-buddy-1.14.17.jar;D:\JavadDownload\Maven\repository\org\awaitility\awaitility\4.2.1\awaitility-4.2.1.jar;D:\JavadDownload\Maven\repository\org\hamcrest\hamcrest\2.2\hamcrest-2.2.jar;D:\JavadDownload\Maven\repository\org\junit\jupiter\junit-jupiter\5.10.2\junit-jupiter-5.10.2.jar;D:\JavadDownload\Maven\repository\org\junit\jupiter\junit-jupiter-api\5.10.2\junit-jupiter-api-5.10.2.jar;D:\JavadDownload\Maven\repository\org\opentest4j\opentest4j\1.3.0\opentest4j-1.3.0.jar;D:\JavadDownload\Maven\repository\org\junit\platform\junit-platform-commons\1.10.2\junit-platform-commons-1.10.2.jar;D:\JavadDownload\Maven\repository\org\apiguardian\apiguardian-api\1.1.2\apiguardian-api-1.1.2.jar;D:\JavadDownload\Maven\repository\org\junit\jupiter\junit-jupiter-params\5.10.2\junit-jupiter-params-5.10.2.jar;D:\JavadDownload\Maven\repository\org\junit\jupiter\junit-jupiter-engine\5.10.2\junit-jupiter-engine-5.10.2.jar;D:\JavadDownload\Maven\repository\org\junit\platform\junit-platform-engine\1.10.2\junit-platform-engine-1.10.2.jar;D:\JavadDownload\Maven\repository\org\mockito\mockito-core\5.11.0\mockito-core-5.11.0.jar;D:\JavadDownload\Maven\repository\net\bytebuddy\byte-buddy-agent\1.14.17\byte-buddy-agent-1.14.17.jar;D:\JavadDownload\Maven\repository\org\objenesis\objenesis\3.3\objenesis-3.3.jar;D:\JavadDownload\Maven\repository\org\mockito\mockito-junit-jupiter\5.11.0\mockito-junit-jupiter-5.11.0.jar;D:\JavadDownload\Maven\repository\org\skyscreamer\jsonassert\1.5.1\jsonassert-1.5.1.jar;D:\JavadDownload\Maven\repository\com\vaadin\external\google\android-json\0.0.20131108.vaadin1\android-json-0.0.20131108.vaadin1.jar;D:\JavadDownload\Maven\repository\org\springframework\spring-core\6.1.10\spring-core-6.1.10.jar;D:\JavadDownload\Maven\repository\org\springframework\spring-jcl\6.1.10\spring-jcl-6.1.10.jar;D:\JavadDownload\Maven\repository\org\springframework\spring-test\6.1.10\spring-test-6.1.10.jar;D:\JavadDownload\Maven\repository\org\xmlunit\xmlunit-core\2.9.1\xmlunit-core-2.9.1.jar;D:\JavadDownload\Maven\repository\org\mybatis\spring\boot\mybatis-spring-boot-starter-test\3.0.3\mybatis-spring-boot-starter-test-3.0.3.jar;D:\JavadDownload\Maven\repository\org\mybatis\spring\boot\mybatis-spring-boot-test-autoconfigure\3.0.3\mybatis-spring-boot-test-autoconfigure-3.0.3.jar;D:\JavadDownload\Maven\repository\org\springframework\spring-tx\6.1.10\spring-tx-6.1.10.jar;D:\JavadDownload\Maven\repository\io\jsonwebtoken\jjwt\0.9.1\jjwt-0.9.1.jar;D:\JavadDownload\Maven\repository\com\fasterxml\jackson\core\jackson-databind\2.17.1\jackson-databind-2.17.1.jar;D:\JavadDownload\Maven\repository\com\fasterxml\jackson\core\jackson-annotations\2.17.1\jackson-annotations-2.17.1.jar;D:\JavadDownload\Maven\repository\com\fasterxml\jackson\core\jackson-core\2.17.1\jackson-core-2.17.1.jar;"/>
    <property name="java.vm.vendor" value="Oracle Corporation"/>
    <property name="sun.arch.data.model" value="64"/>
    <property name="user.variant" value=""/>
    <property name="java.vendor.url" value="https://java.oracle.com/"/>
    <property name="user.timezone" value="Asia/Shanghai"/>
    <property name="os.name" value="Windows 11"/>
    <property name="java.vm.specification.version" value="17"/>
    <property name="sun.java.launcher" value="SUN_STANDARD"/>
    <property name="user.country" value="CN"/>
    <property name="sun.boot.library.path" value="D:\JavadDownload\jdk-17\bin"/>
    <property name="sun.java.command" value="C:\Users\zhanjinye\AppData\Local\Temp\surefire15748325452943552054\surefirebooter-20240711205919575_3.jar C:\Users\zhanjinye\AppData\Local\Temp\surefire15748325452943552054 2024-07-11T20-59-19_299-jvmRun1 surefire-20240711205919575_1tmp surefire_0-20240711205919575_2tmp"/>
    <property name="jdk.debug" value="release"/>
    <property name="surefire.test.class.path" value="D:\College\大二小学期\Gitee\BackEnd\OnlineTestBackEndTestPart\target\test-classes;D:\College\大二小学期\Gitee\BackEnd\OnlineTestBackEndTestPart\target\classes;D:\JavadDownload\Maven\repository\org\springframework\boot\spring-boot-starter-web\3.3.1\spring-boot-starter-web-3.3.1.jar;D:\JavadDownload\Maven\repository\org\springframework\boot\spring-boot-starter\3.3.1\spring-boot-starter-3.3.1.jar;D:\JavadDownload\Maven\repository\org\springframework\boot\spring-boot\3.3.1\spring-boot-3.3.1.jar;D:\JavadDownload\Maven\repository\org\springframework\boot\spring-boot-autoconfigure\3.3.1\spring-boot-autoconfigure-3.3.1.jar;D:\JavadDownload\Maven\repository\org\springframework\boot\spring-boot-starter-logging\3.3.1\spring-boot-starter-logging-3.3.1.jar;D:\JavadDownload\Maven\repository\ch\qos\logback\logback-classic\1.5.6\logback-classic-1.5.6.jar;D:\JavadDownload\Maven\repository\ch\qos\logback\logback-core\1.5.6\logback-core-1.5.6.jar;D:\JavadDownload\Maven\repository\org\apache\logging\log4j\log4j-to-slf4j\2.23.1\log4j-to-slf4j-2.23.1.jar;D:\JavadDownload\Maven\repository\org\apache\logging\log4j\log4j-api\2.23.1\log4j-api-2.23.1.jar;D:\JavadDownload\Maven\repository\org\slf4j\jul-to-slf4j\2.0.13\jul-to-slf4j-2.0.13.jar;D:\JavadDownload\Maven\repository\jakarta\annotation\jakarta.annotation-api\2.1.1\jakarta.annotation-api-2.1.1.jar;D:\JavadDownload\Maven\repository\org\yaml\snakeyaml\2.2\snakeyaml-2.2.jar;D:\JavadDownload\Maven\repository\org\springframework\boot\spring-boot-starter-json\3.3.1\spring-boot-starter-json-3.3.1.jar;D:\JavadDownload\Maven\repository\com\fasterxml\jackson\datatype\jackson-datatype-jdk8\2.17.1\jackson-datatype-jdk8-2.17.1.jar;D:\JavadDownload\Maven\repository\com\fasterxml\jackson\datatype\jackson-datatype-jsr310\2.17.1\jackson-datatype-jsr310-2.17.1.jar;D:\JavadDownload\Maven\repository\com\fasterxml\jackson\module\jackson-module-parameter-names\2.17.1\jackson-module-parameter-names-2.17.1.jar;D:\JavadDownload\Maven\repository\org\springframework\boot\spring-boot-starter-tomcat\3.3.1\spring-boot-starter-tomcat-3.3.1.jar;D:\JavadDownload\Maven\repository\org\apache\tomcat\embed\tomcat-embed-core\10.1.25\tomcat-embed-core-10.1.25.jar;D:\JavadDownload\Maven\repository\org\apache\tomcat\embed\tomcat-embed-el\10.1.25\tomcat-embed-el-10.1.25.jar;D:\JavadDownload\Maven\repository\org\apache\tomcat\embed\tomcat-embed-websocket\10.1.25\tomcat-embed-websocket-10.1.25.jar;D:\JavadDownload\Maven\repository\org\springframework\spring-web\6.1.10\spring-web-6.1.10.jar;D:\JavadDownload\Maven\repository\org\springframework\spring-beans\6.1.10\spring-beans-6.1.10.jar;D:\JavadDownload\Maven\repository\io\micrometer\micrometer-observation\1.13.1\micrometer-observation-1.13.1.jar;D:\JavadDownload\Maven\repository\io\micrometer\micrometer-commons\1.13.1\micrometer-commons-1.13.1.jar;D:\JavadDownload\Maven\repository\org\springframework\spring-webmvc\6.1.10\spring-webmvc-6.1.10.jar;D:\JavadDownload\Maven\repository\org\springframework\spring-aop\6.1.10\spring-aop-6.1.10.jar;D:\JavadDownload\Maven\repository\org\springframework\spring-context\6.1.10\spring-context-6.1.10.jar;D:\JavadDownload\Maven\repository\org\springframework\spring-expression\6.1.10\spring-expression-6.1.10.jar;D:\JavadDownload\Maven\repository\org\mybatis\spring\boot\mybatis-spring-boot-starter\3.0.3\mybatis-spring-boot-starter-3.0.3.jar;D:\JavadDownload\Maven\repository\org\springframework\boot\spring-boot-starter-jdbc\3.3.1\spring-boot-starter-jdbc-3.3.1.jar;D:\JavadDownload\Maven\repository\com\zaxxer\HikariCP\5.1.0\HikariCP-5.1.0.jar;D:\JavadDownload\Maven\repository\org\springframework\spring-jdbc\6.1.10\spring-jdbc-6.1.10.jar;D:\JavadDownload\Maven\repository\org\mybatis\spring\boot\mybatis-spring-boot-autoconfigure\3.0.3\mybatis-spring-boot-autoconfigure-3.0.3.jar;D:\JavadDownload\Maven\repository\org\mybatis\mybatis\3.5.14\mybatis-3.5.14.jar;D:\JavadDownload\Maven\repository\org\mybatis\mybatis-spring\3.0.3\mybatis-spring-3.0.3.jar;D:\JavadDownload\Maven\repository\com\mysql\mysql-connector-j\8.3.0\mysql-connector-j-8.3.0.jar;D:\JavadDownload\Maven\repository\org\springframework\boot\spring-boot-starter-test\3.3.1\spring-boot-starter-test-3.3.1.jar;D:\JavadDownload\Maven\repository\org\springframework\boot\spring-boot-test\3.3.1\spring-boot-test-3.3.1.jar;D:\JavadDownload\Maven\repository\org\springframework\boot\spring-boot-test-autoconfigure\3.3.1\spring-boot-test-autoconfigure-3.3.1.jar;D:\JavadDownload\Maven\repository\com\jayway\jsonpath\json-path\2.9.0\json-path-2.9.0.jar;D:\JavadDownload\Maven\repository\org\slf4j\slf4j-api\2.0.13\slf4j-api-2.0.13.jar;D:\JavadDownload\Maven\repository\jakarta\xml\bind\jakarta.xml.bind-api\4.0.2\jakarta.xml.bind-api-4.0.2.jar;D:\JavadDownload\Maven\repository\jakarta\activation\jakarta.activation-api\2.1.3\jakarta.activation-api-2.1.3.jar;D:\JavadDownload\Maven\repository\net\minidev\json-smart\2.5.1\json-smart-2.5.1.jar;D:\JavadDownload\Maven\repository\net\minidev\accessors-smart\2.5.1\accessors-smart-2.5.1.jar;D:\JavadDownload\Maven\repository\org\ow2\asm\asm\9.6\asm-9.6.jar;D:\JavadDownload\Maven\repository\org\assertj\assertj-core\3.25.3\assertj-core-3.25.3.jar;D:\JavadDownload\Maven\repository\net\bytebuddy\byte-buddy\1.14.17\byte-buddy-1.14.17.jar;D:\JavadDownload\Maven\repository\org\awaitility\awaitility\4.2.1\awaitility-4.2.1.jar;D:\JavadDownload\Maven\repository\org\hamcrest\hamcrest\2.2\hamcrest-2.2.jar;D:\JavadDownload\Maven\repository\org\junit\jupiter\junit-jupiter\5.10.2\junit-jupiter-5.10.2.jar;D:\JavadDownload\Maven\repository\org\junit\jupiter\junit-jupiter-api\5.10.2\junit-jupiter-api-5.10.2.jar;D:\JavadDownload\Maven\repository\org\opentest4j\opentest4j\1.3.0\opentest4j-1.3.0.jar;D:\JavadDownload\Maven\repository\org\junit\platform\junit-platform-commons\1.10.2\junit-platform-commons-1.10.2.jar;D:\JavadDownload\Maven\repository\org\apiguardian\apiguardian-api\1.1.2\apiguardian-api-1.1.2.jar;D:\JavadDownload\Maven\repository\org\junit\jupiter\junit-jupiter-params\5.10.2\junit-jupiter-params-5.10.2.jar;D:\JavadDownload\Maven\repository\org\junit\jupiter\junit-jupiter-engine\5.10.2\junit-jupiter-engine-5.10.2.jar;D:\JavadDownload\Maven\repository\org\junit\platform\junit-platform-engine\1.10.2\junit-platform-engine-1.10.2.jar;D:\JavadDownload\Maven\repository\org\mockito\mockito-core\5.11.0\mockito-core-5.11.0.jar;D:\JavadDownload\Maven\repository\net\bytebuddy\byte-buddy-agent\1.14.17\byte-buddy-agent-1.14.17.jar;D:\JavadDownload\Maven\repository\org\objenesis\objenesis\3.3\objenesis-3.3.jar;D:\JavadDownload\Maven\repository\org\mockito\mockito-junit-jupiter\5.11.0\mockito-junit-jupiter-5.11.0.jar;D:\JavadDownload\Maven\repository\org\skyscreamer\jsonassert\1.5.1\jsonassert-1.5.1.jar;D:\JavadDownload\Maven\repository\com\vaadin\external\google\android-json\0.0.20131108.vaadin1\android-json-0.0.20131108.vaadin1.jar;D:\JavadDownload\Maven\repository\org\springframework\spring-core\6.1.10\spring-core-6.1.10.jar;D:\JavadDownload\Maven\repository\org\springframework\spring-jcl\6.1.10\spring-jcl-6.1.10.jar;D:\JavadDownload\Maven\repository\org\springframework\spring-test\6.1.10\spring-test-6.1.10.jar;D:\JavadDownload\Maven\repository\org\xmlunit\xmlunit-core\2.9.1\xmlunit-core-2.9.1.jar;D:\JavadDownload\Maven\repository\org\mybatis\spring\boot\mybatis-spring-boot-starter-test\3.0.3\mybatis-spring-boot-starter-test-3.0.3.jar;D:\JavadDownload\Maven\repository\org\mybatis\spring\boot\mybatis-spring-boot-test-autoconfigure\3.0.3\mybatis-spring-boot-test-autoconfigure-3.0.3.jar;D:\JavadDownload\Maven\repository\org\springframework\spring-tx\6.1.10\spring-tx-6.1.10.jar;D:\JavadDownload\Maven\repository\io\jsonwebtoken\jjwt\0.9.1\jjwt-0.9.1.jar;D:\JavadDownload\Maven\repository\com\fasterxml\jackson\core\jackson-databind\2.17.1\jackson-databind-2.17.1.jar;D:\JavadDownload\Maven\repository\com\fasterxml\jackson\core\jackson-annotations\2.17.1\jackson-annotations-2.17.1.jar;D:\JavadDownload\Maven\repository\com\fasterxml\jackson\core\jackson-core\2.17.1\jackson-core-2.17.1.jar;"/>
    <property name="sun.cpu.endian" value="little"/>
    <property name="user.home" value="C:\Users\zhanjinye"/>
    <property name="user.language" value="zh"/>
    <property name="java.specification.vendor" value="Oracle Corporation"/>
    <property name="java.version.date" value="2024-04-16"/>
    <property name="java.home" value="D:\JavadDownload\jdk-17"/>
    <property name="file.separator" value="\"/>
    <property name="basedir" value="D:\College\大二小学期\Gitee\BackEnd\OnlineTestBackEndTestPart"/>
    <property name="java.vm.compressedOopsMode" value="Zero based"/>
    <property name="line.separator" value="&#10;"/>
    <property name="java.vm.specification.vendor" value="Oracle Corporation"/>
    <property name="java.specification.name" value="Java Platform API Specification"/>
    <property name="FILE_LOG_CHARSET" value="GBK"/>
    <property name="java.awt.headless" value="true"/>
    <property name="surefire.real.class.path" value="C:\Users\zhanjinye\AppData\Local\Temp\surefire15748325452943552054\surefirebooter-20240711205919575_3.jar"/>
    <property name="user.script" value=""/>
    <property name="sun.management.compiler" value="HotSpot 64-Bit Tiered Compilers"/>
    <property name="java.runtime.version" value="17.0.11+7-LTS-207"/>
    <property name="user.name" value="詹锦烨"/>
    <property name="path.separator" value=";"/>
    <property name="os.version" value="10.0"/>
    <property name="java.runtime.name" value="Java(TM) SE Runtime Environment"/>
    <property name="file.encoding" value="GBK"/>
    <property name="java.vm.name" value="Java HotSpot(TM) 64-Bit Server VM"/>
    <property name="localRepository" value="D:\JavadDownload\Maven\repository"/>
    <property name="java.vendor.url.bug" value="https://bugreport.java.com/bugreport/"/>
    <property name="java.io.tmpdir" value="C:\Users\ZHANJI~1\AppData\Local\Temp\"/>
    <property name="idea.version" value="2024.1.4"/>
    <property name="com.zaxxer.hikari.pool_number" value="1"/>
    <property name="java.version" value="17.0.11"/>
    <property name="user.dir" value="D:\College\大二小学期\Gitee\BackEnd\OnlineTestBackEndTestPart"/>
    <property name="os.arch" value="amd64"/>
    <property name="java.vm.specification.name" value="Java Virtual Machine Specification"/>
    <property name="PID" value="21920"/>
    <property name="sun.os.patch.level" value=""/>
    <property name="CONSOLE_LOG_CHARSET" value="GBK"/>
    <property name="native.encoding" value="GBK"/>
    <property name="java.library.path" value="D:\JavadDownload\jdk-17\bin;C:\Windows\Sun\Java\bin;C:\Windows\system32;C:\Windows;C:\Program Files (x86)\Common Files\Oracle\Java\java8path;C:\Program Files (x86)\Common Files\Oracle\Java\javapath;C:\Program Files\PlasticSCM5\server;C:\Program Files\PlasticSCM5\client;C:\Program Files (x86)\VMware\VMware Workstation\bin\;C:\Windows\system32;C:\Windows;C:\Windows\System32\Wbem;C:\Windows\System32\WindowsPowerShell\v1.0\;C:\Windows\System32\OpenSSH\;C:\Program Files (x86)\NVIDIA Corporation\PhysX\Common;C:\Program Files\NVIDIA Corporation\NVIDIA NvDLISR;C:\DOSBox-0.74-3\DOSBox.exe;D:\JavadDownload\jdk-17\bin;D:\OpenGL\bin;C:\opencv\build\bin;D:\study\database\PuTTY\;C:\Program Files\dotnet\;D:\study\Cpp\mingw64\bin;D:\JavadDownload\jdk-17\bin;C:\Program Files (x86)\Windows Kits\10\Windows Performance Toolkit\;D:\College\FrontEnd\Nodejs\;D:\College\MySQL\mysql-8.4.0-winx64\mysql-8.4.0-winx64\bin;D:\College\git\Git\cmd;D:\College\git\Git\bin\TortoiseGit\bin;D:\College\YOLOv8\Anaconda3;D:\College\YOLOv8\Anaconda3\Library\mingw-w64\bin;D:\College\YOLOv8\Anaconda3\Library\usr\bin;D:\College\YOLOv8\Anaconda3\Library\bin;D:\College\YOLOv8\Anaconda3\Scripts;C:\Users\zhanjinye\AppData\Local\Microsoft\WindowsApps;D:\Microsoft VS Code\bin;D:\JavadDownload\IntelliJ IDEA 2024.1.4\bin;;C:\Users\zhanjinye\.dotnet\tools;C:\Users\zhanjinye\AppData\Roaming\npm;."/>
    <property name="java.vm.info" value="mixed mode, sharing"/>
    <property name="java.vendor" value="Oracle Corporation"/>
    <property name="java.vm.version" value="17.0.11+7-LTS-207"/>
    <property name="sun.io.unicode.encoding" value="UnicodeLittle"/>
    <property name="maven.repo.local" value="D:\JavadDownload\Maven\repository"/>
    <property name="java.class.version" value="61.0"/>
    <property name="LOGGED_APPLICATION_NAME" value="[OnlineTestBackEndTestPart] "/>
  </properties>
  <testcase name="contextLoads" classname="org.example.onlinetestbackendtestpart.OnlineTestBackEndTestPartApplicationTests" time="1.264">
    <system-out><![CDATA[20:59:20.625 [main] INFO org.springframework.test.context.support.AnnotationConfigContextLoaderUtils -- Could not detect default configuration classes for test class [org.example.onlinetestbackendtestpart.OnlineTestBackEndTestPartApplicationTests]: OnlineTestBackEndTestPartApplicationTests does not declare any static, non-private, non-final, nested classes annotated with @Configuration.
20:59:20.699 [main] INFO org.springframework.boot.test.context.SpringBootTestContextBootstrapper -- Found @SpringBootConfiguration org.example.onlinetestbackendtestpart.OnlineTestBackEndTestPartApplication for test class org.example.onlinetestbackendtestpart.OnlineTestBackEndTestPartApplicationTests

  .   ____          _            __ _ _
 /\\ / ___'_ __ _ _(_)_ __  __ _ \ \ \ \
( ( )\___ | '_ | '_| | '_ \/ _` | \ \ \ \
 \\/  ___)| |_)| | | | | || (_| |  ) ) ) )
  '  |____| .__|_| |_|_| |_\__, | / / / /
 =========|_|==============|___/=/_/_/_/

 :: Spring Boot ::                (v3.3.1)

2024-07-11T20:59:21.003+08:00  INFO 21920 --- [OnlineTestBackEndTestPart] [           main] nlineTestBackEndTestPartApplicationTests : Starting OnlineTestBackEndTestPartApplicationTests using Java 17.0.11 with PID 21920 (started by 詹锦烨 in D:\College\大二小学期\Gitee\BackEnd\OnlineTestBackEndTestPart)
2024-07-11T20:59:21.004+08:00  INFO 21920 --- [OnlineTestBackEndTestPart] [           main] nlineTestBackEndTestPartApplicationTests : No active profile set, falling back to 1 default profile: "default"
2024-07-11T20:59:23.135+08:00  INFO 21920 --- [OnlineTestBackEndTestPart] [           main] nlineTestBackEndTestPartApplicationTests : Started OnlineTestBackEndTestPartApplicationTests in 2.326 seconds (process running for 3.392)
2024-07-11T20:59:24.109+08:00  INFO 21920 --- [OnlineTestBackEndTestPart] [           main] com.zaxxer.hikari.HikariDataSource       : HikariPool-1 - Starting...
2024-07-11T20:59:24.357+08:00  INFO 21920 --- [OnlineTestBackEndTestPart] [           main] com.zaxxer.hikari.pool.HikariPool        : HikariPool-1 - Added connection com.mysql.cj.jdbc.ConnectionImpl@5f33e6d
2024-07-11T20:59:24.360+08:00  INFO 21920 --- [OnlineTestBackEndTestPart] [           main] com.zaxxer.hikari.HikariDataSource       : HikariPool-1 - Start completed.
{
"success":1,
"data":[org.example.onlinetestbackendtestpart.pojo.PostQuestion@7227926b, org.example.onlinetestbackendtestpart.pojo.PostQuestion@2f75a9b1, org.example.onlinetestbackendtestpart.pojo.PostQuestion@556aed22]
}
]]></system-out>
  </testcase>
</testsuite>